2021-04-13 15:12:44 - Starting FreeMarkerApp on LAPTOP-J9JIRTM4 with PID 13804 (F:\workspace\DistributedMicroservices\bird-research\bird-freemarker\target\classes started by 86152 in F:\workspace\DistributedMicroservices\bird-research)
2021-04-13 15:12:44 - No active profile set, falling back to default profiles: default
2021-04-13 15:12:45 - Tomcat initialized with port(s): 8080 (http)
2021-04-13 15:12:45 - Starting service [Tomcat]
2021-04-13 15:12:45 - Starting Servlet engine: [Apache Tomcat/9.0.29]
2021-04-13 15:12:45 - Initializing Spring embedded WebApplicationContext
2021-04-13 15:12:45 - Root WebApplicationContext: initialization completed in 1023 ms
2021-04-13 15:12:45 - Initializing ExecutorService 'applicationTaskExecutor'
2021-04-13 15:12:46 - Tomcat started on port(s): 8080 (http) with context path ''
2021-04-13 15:12:46 - Started FreeMarkerApp in 1.925 seconds (JVM running for 3.49)
2021-04-13 15:13:15 - Shutting down ExecutorService 'applicationTaskExecutor'
2021-04-13 15:13:19 - Starting FreeMarkerApp on LAPTOP-J9JIRTM4 with PID 12752 (F:\workspace\DistributedMicroservices\bird-research\bird-freemarker\target\classes started by 86152 in F:\workspace\DistributedMicroservices\bird-research)
2021-04-13 15:13:19 - No active profile set, falling back to default profiles: default
2021-04-13 15:13:20 - Tomcat initialized with port(s): 8080 (http)
2021-04-13 15:13:20 - Starting service [Tomcat]
2021-04-13 15:13:20 - Starting Servlet engine: [Apache Tomcat/9.0.29]
2021-04-13 15:13:20 - Initializing Spring embedded WebApplicationContext
2021-04-13 15:13:20 - Root WebApplicationContext: initialization completed in 733 ms
2021-04-13 15:13:20 - Initializing ExecutorService 'applicationTaskExecutor'
2021-04-13 15:13:21 - Tomcat started on port(s): 8080 (http) with context path ''
2021-04-13 15:13:21 - Started FreeMarkerApp in 1.554 seconds (JVM running for 2.589)
2021-04-13 15:13:46 - Initializing Spring DispatcherServlet 'dispatcherServlet'
2021-04-13 15:13:46 - Initializing Servlet 'dispatcherServlet'
2021-04-13 15:13:46 - Completed initialization in 17 ms
2021-04-13 15:13:46 - bird.docx
2021-04-13 15:15:19 - Shutting down ExecutorService 'applicationTaskExecutor'
2021-04-13 15:15:23 - Starting FreeMarkerApp on LAPTOP-J9JIRTM4 with PID 9676 (F:\workspace\DistributedMicroservices\bird-research\bird-freemarker\target\classes started by 86152 in F:\workspace\DistributedMicroservices\bird-research)
2021-04-13 15:15:23 - No active profile set, falling back to default profiles: default
2021-04-13 15:15:24 - Tomcat initialized with port(s): 8080 (http)
2021-04-13 15:15:24 - Starting service [Tomcat]
2021-04-13 15:15:24 - Starting Servlet engine: [Apache Tomcat/9.0.29]
2021-04-13 15:15:24 - Initializing Spring embedded WebApplicationContext
2021-04-13 15:15:24 - Root WebApplicationContext: initialization completed in 726 ms
2021-04-13 15:15:24 - Initializing ExecutorService 'applicationTaskExecutor'
2021-04-13 15:15:24 - Tomcat started on port(s): 8080 (http) with context path ''
2021-04-13 15:15:24 - Started FreeMarkerApp in 1.545 seconds (JVM running for 2.566)
2021-04-13 15:15:29 - Initializing Spring DispatcherServlet 'dispatcherServlet'
2021-04-13 15:15:29 - Initializing Servlet 'dispatcherServlet'
2021-04-13 15:15:29 - Completed initialization in 5 ms
2021-04-13 15:16:02 - Shutting down ExecutorService 'applicationTaskExecutor'
2021-04-13 15:17:33 - Starting FreeMarkerApp on LAPTOP-J9JIRTM4 with PID 6324 (F:\workspace\DistributedMicroservices\bird-research\bird-freemarker\target\classes started by 86152 in F:\workspace\DistributedMicroservices\bird-research)
2021-04-13 15:17:33 - No active profile set, falling back to default profiles: default
2021-04-13 15:17:34 - Tomcat initialized with port(s): 8080 (http)
2021-04-13 15:17:34 - Starting service [Tomcat]
2021-04-13 15:17:34 - Starting Servlet engine: [Apache Tomcat/9.0.29]
2021-04-13 15:17:34 - Initializing Spring embedded WebApplicationContext
2021-04-13 15:17:34 - Root WebApplicationContext: initialization completed in 770 ms
2021-04-13 15:17:34 - Initializing ExecutorService 'applicationTaskExecutor'
2021-04-13 15:17:34 - Tomcat started on port(s): 8080 (http) with context path ''
2021-04-13 15:17:34 - Started FreeMarkerApp in 1.778 seconds (JVM running for 2.776)
2021-04-13 15:18:07 - Initializing Spring DispatcherServlet 'dispatcherServlet'
2021-04-13 15:18:07 - Initializing Servlet 'dispatcherServlet'
2021-04-13 15:18:07 - Completed initialization in 6 ms
2021-04-13 20:22:07 - Shutting down ExecutorService 'applicationTaskExecutor'
